\BOOKMARK [1][-]{section.0}{Preface}{}% 1
\BOOKMARK [1][-]{section.1}{Qubit States}{}% 2
\BOOKMARK [2][-]{subsection.1.1}{The z basis}{section.1}% 3
\BOOKMARK [2][-]{subsection.1.2}{The x basis - Part 1}{section.1}% 4
\BOOKMARK [2][-]{subsection.1.3}{The Born Rule}{section.1}% 5
\BOOKMARK [2][-]{subsection.1.4}{Global and Relative Phases}{section.1}% 6
\BOOKMARK [2][-]{subsection.1.5}{The x basis - Part 2}{section.1}% 7
\BOOKMARK [2][-]{subsection.1.6}{The y basis - Part 1}{section.1}% 8
\BOOKMARK [2][-]{subsection.1.7}{Complex Numbers}{section.1}% 9
\BOOKMARK [2][-]{subsection.1.8}{Born Rule with Complex Numbers}{section.1}% 10
\BOOKMARK [2][-]{subsection.1.9}{The y basis - Part 2}{section.1}% 11
\BOOKMARK [2][-]{subsection.1.10}{Heisenberg's Uncertainty Principle for Qubits}{section.1}% 12
\BOOKMARK [1][-]{section.2}{Pauli Matrices and the Bloch Sphere}{}% 13
\BOOKMARK [2][-]{subsection.2.1}{Pauli Matrices}{section.2}% 14
\BOOKMARK [2][-]{subsection.2.2}{The Bloch Sphere}{section.2}% 15
\BOOKMARK [1][-]{section.3}{States for Many Qubits}{}% 16
\BOOKMARK [2][-]{subsection.3.1}{Two-qubit states}{section.3}% 17
\BOOKMARK [2][-]{subsection.3.2}{Entangled States}{section.3}% 18
\BOOKMARK [1][-]{section.4}{Quantum Gates}{}% 19
\BOOKMARK [2][-]{subsection.4.1}{The Pauli Operators}{section.4}% 20
\BOOKMARK [2][-]{subsection.4.2}{Hadamard and S}{section.4}% 21
\BOOKMARK [2][-]{subsection.4.3}{Other Single-Qubit Gates}{section.4}% 22
\BOOKMARK [1][-]{section.5}{Qubits as Physical Systems}{}% 23
\BOOKMARK [2][-]{subsection.5.1}{Decoherence}{section.5}% 24
\BOOKMARK [1][-]{section*.2}{References}{}% 25
