\BOOKMARK [1][-]{section.0}{Preface}{}% 1
\BOOKMARK [1][-]{section.1}{Vector Equations}{}% 2
\BOOKMARK [2][-]{subsection.1.1}{Introduction}{section.1}% 3
\BOOKMARK [2][-]{subsection.1.2}{Vector Equation from a Point and a Directional Vector}{section.1}% 4
\BOOKMARK [2][-]{subsection.1.3}{Vector Equation from two Points of a Line}{section.1}% 5
\BOOKMARK [2][-]{subsection.1.4}{Point of Intersection between two Vector Equations}{section.1}% 6
\BOOKMARK [1][-]{section.2}{Vector Equations in 3-Dimensions}{}% 7
\BOOKMARK [2][-]{subsection.2.1}{Introduction}{section.2}% 8
\BOOKMARK [2][-]{subsection.2.2}{Finding out whether a Point lies on a Line}{section.2}% 9
\BOOKMARK [2][-]{subsection.2.3}{Cross Product}{section.2}% 10
\BOOKMARK [1][-]{section.3}{Plane Equations}{}% 11
\BOOKMARK [2][-]{subsection.3.1}{Introduction}{section.3}% 12
\BOOKMARK [2][-]{subsection.3.2}{Normal Equation of a Plane}{section.3}% 13
\BOOKMARK [2][-]{subsection.3.3}{Cartesian Equation of a Plane}{section.3}% 14
\BOOKMARK [2][-]{subsection.3.4}{Vector Equation of a Plane from 3 Points on the Plane}{section.3}% 15
\BOOKMARK [1][-]{section.4}{Distance}{}% 16
\BOOKMARK [2][-]{subsection.4.1}{Magnitude of a Vector}{section.4}% 17
\BOOKMARK [2][-]{subsection.4.2}{Distance from a Point to a Line}{section.4}% 18
\BOOKMARK [2][-]{subsection.4.3}{Distance from a Line to another Line}{section.4}% 19
\BOOKMARK [2][-]{subsection.4.4}{Distance from a Point to a Plane}{section.4}% 20
\BOOKMARK [1][-]{section.5}{Angle}{}% 21
\BOOKMARK [2][-]{subsection.5.1}{Angle between two Lines}{section.5}% 22
\BOOKMARK [2][-]{subsection.5.2}{Angle between a Line and a Plane}{section.5}% 23
\BOOKMARK [1][-]{section.6}{Past Paper Questions}{}% 24
\BOOKMARK [2][-]{subsection.6.1}{Problem 1}{section.6}% 25
\BOOKMARK [2][-]{subsection.6.2}{Problem 2}{section.6}% 26
\BOOKMARK [2][-]{subsection.6.3}{Problem 3}{section.6}% 27
\BOOKMARK [1][-]{section*.2}{References}{}% 28
